<?xml version="1.0" encoding="UTF-8"?>
<!-- Generated by org.testng.reporters.JUnitReportReporter -->
<testsuite hostname="amlan" failures="0" tests="2" name="com.tourism.nielmart.module1.Buyer" time="0.010" errors="0" timestamp="2023-08-20T13:00:19 IST" skipped="0">
  <testcase classname="com.tourism.nielmart.module1.Buyer" name="sell" time="0.002"/>
  <system-out/>
  <testcase classname="com.tourism.nielmart.module1.Buyer" name="buy" time="0.008"/>
  <system-out/>
</testsuite> <!-- com.tourism.nielmart.module1.Buyer -->
