<?xml version="1.0" encoding="UTF-8"?>
<!-- Generated by org.testng.reporters.JUnitReportReporter -->
<testsuite hostname="amlan" failures="0" tests="2" name="com.tourism.nielmart.module1.Admin" time="0.008" errors="0" timestamp="2023-08-20T12:54:09 IST" skipped="0">
  <testcase classname="com.tourism.nielmart.module1.Admin" name="modify" time="0.002"/>
  <system-out/>
  <testcase classname="com.tourism.nielmart.module1.Admin" name="display" time="0.006"/>
  <system-out/>
</testsuite> <!-- com.tourism.nielmart.module1.Admin -->
